C:\jpeg-8d\Release\cl.command.1.tlog
C:\jpeg-8d\Release\CL.read.1.tlog
C:\jpeg-8d\Release\CL.write.1.tlog
C:\JPEG-8D\RELEASE\JARICOM.OBJ
C:\JPEG-8D\RELEASE\JCAPIMIN.OBJ
C:\JPEG-8D\RELEASE\JCAPISTD.OBJ
C:\JPEG-8D\RELEASE\JCARITH.OBJ
C:\JPEG-8D\RELEASE\JCCOEFCT.OBJ
C:\JPEG-8D\RELEASE\JCCOLOR.OBJ
C:\JPEG-8D\RELEASE\JCDCTMGR.OBJ
C:\JPEG-8D\RELEASE\JCHUFF.OBJ
C:\JPEG-8D\RELEASE\JCINIT.OBJ
C:\JPEG-8D\RELEASE\JCMAINCT.OBJ
C:\JPEG-8D\RELEASE\JCMARKER.OBJ
C:\JPEG-8D\RELEASE\JCMASTER.OBJ
C:\JPEG-8D\RELEASE\JCOMAPI.OBJ
C:\JPEG-8D\RELEASE\JCPARAM.OBJ
C:\JPEG-8D\RELEASE\JCPREPCT.OBJ
C:\JPEG-8D\RELEASE\JCSAMPLE.OBJ
C:\JPEG-8D\RELEASE\JCTRANS.OBJ
C:\JPEG-8D\RELEASE\JDAPIMIN.OBJ
C:\JPEG-8D\RELEASE\JDAPISTD.OBJ
C:\JPEG-8D\RELEASE\JDARITH.OBJ
C:\JPEG-8D\RELEASE\JDATADST.OBJ
C:\JPEG-8D\RELEASE\JDATASRC.OBJ
C:\JPEG-8D\RELEASE\JDCOEFCT.OBJ
C:\JPEG-8D\RELEASE\JDCOLOR.OBJ
C:\JPEG-8D\RELEASE\JDDCTMGR.OBJ
C:\JPEG-8D\RELEASE\JDHUFF.OBJ
C:\JPEG-8D\RELEASE\JDINPUT.OBJ
C:\JPEG-8D\RELEASE\JDMAINCT.OBJ
C:\JPEG-8D\RELEASE\JDMARKER.OBJ
C:\JPEG-8D\RELEASE\JDMASTER.OBJ
C:\JPEG-8D\RELEASE\JDMERGE.OBJ
C:\JPEG-8D\RELEASE\JDPOSTCT.OBJ
C:\JPEG-8D\RELEASE\JDSAMPLE.OBJ
C:\JPEG-8D\RELEASE\JDTRANS.OBJ
C:\JPEG-8D\RELEASE\JERROR.OBJ
C:\JPEG-8D\RELEASE\JFDCTFLT.OBJ
C:\JPEG-8D\RELEASE\JFDCTFST.OBJ
C:\JPEG-8D\RELEASE\JFDCTINT.OBJ
C:\JPEG-8D\RELEASE\JIDCTFLT.OBJ
C:\JPEG-8D\RELEASE\JIDCTFST.OBJ
C:\JPEG-8D\RELEASE\JIDCTINT.OBJ
C:\JPEG-8D\RELEASE\JMEMMGR.OBJ
C:\JPEG-8D\RELEASE\JMEMNOBS.OBJ
C:\JPEG-8D\RELEASE\JPEG.LIB
C:\JPEG-8D\RELEASE\JQUANT1.OBJ
C:\JPEG-8D\RELEASE\JQUANT2.OBJ
C:\JPEG-8D\RELEASE\JUTILS.OBJ
C:\jpeg-8d\Release\lib.command.1.tlog
C:\jpeg-8d\Release\Lib.read.1.tlog
C:\jpeg-8d\Release\Lib.write.1.tlog
C:\jpeg-8d\Release\Lib-link.read.1.tlog
C:\jpeg-8d\Release\Lib-link.write.1.tlog
C:\JPEG-8D\RELEASE\VC100.PDB
