C:\USERS\VISHESH\DOCUMENTS\VISUAL STUDIO 2010\PROJECTS\LIBPNG EXPERIMENT\DEBUG\LIBPNG EXPERIMENT.EXE
C:\USERS\VISHESH\DOCUMENTS\VISUAL STUDIO 2010\PROJECTS\LIBPNG EXPERIMENT\DEBUG\LIBPNG EXPERIMENT.ILK
C:\USERS\VISHESH\DOCUMENTS\VISUAL STUDIO 2010\PROJECTS\LIBPNG EXPERIMENT\DEBUG\LIBPNG EXPERIMENT.PDB
C:\Users\Vishesh\documents\visual studio 2010\Projects\LibPng Experiment\LibPng Experiment\Debug\cl.command.1.tlog
C:\Users\Vishesh\documents\visual studio 2010\Projects\LibPng Experiment\LibPng Experiment\Debug\CL.read.1.tlog
C:\Users\Vishesh\documents\visual studio 2010\Projects\LibPng Experiment\LibPng Experiment\Debug\CL.write.1.tlog
C:\USERS\VISHESH\DOCUMENTS\VISUAL STUDIO 2010\PROJECTS\LIBPNG EXPERIMENT\LIBPNG EXPERIMENT\DEBUG\LIBPNG EXPERIMENT.EXE.EMBED.MANIFEST
C:\USERS\VISHESH\DOCUMENTS\VISUAL STUDIO 2010\PROJECTS\LIBPNG EXPERIMENT\LIBPNG EXPERIMENT\DEBUG\LIBPNG EXPERIMENT.EXE.EMBED.MANIFEST.RES
C:\USERS\VISHESH\DOCUMENTS\VISUAL STUDIO 2010\PROJECTS\LIBPNG EXPERIMENT\LIBPNG EXPERIMENT\DEBUG\LIBPNG EXPERIMENT.EXE.INTERMEDIATE.MANIFEST
C:\Users\Vishesh\documents\visual studio 2010\Projects\LibPng Experiment\LibPng Experiment\Debug\LibPng Experiment_manifest.rc
C:\Users\Vishesh\documents\visual studio 2010\Projects\LibPng Experiment\LibPng Experiment\Debug\link.2972.read.1.tlog
C:\Users\Vishesh\documents\visual studio 2010\Projects\LibPng Experiment\LibPng Experiment\Debug\link.2972.write.1.tlog
C:\Users\Vishesh\documents\visual studio 2010\Projects\LibPng Experiment\LibPng Experiment\Debug\link.2972-cvtres.read.1.tlog
C:\Users\Vishesh\documents\visual studio 2010\Projects\LibPng Experiment\LibPng Experiment\Debug\link.2972-cvtres.write.1.tlog
C:\Users\Vishesh\documents\visual studio 2010\Projects\LibPng Experiment\LibPng Experiment\Debug\link.7344.read.1.tlog
C:\Users\Vishesh\documents\visual studio 2010\Projects\LibPng Experiment\LibPng Experiment\Debug\link.7344.write.1.tlog
C:\Users\Vishesh\documents\visual studio 2010\Projects\LibPng Experiment\LibPng Experiment\Debug\link.7344-cvtres.read.1.tlog
C:\Users\Vishesh\documents\visual studio 2010\Projects\LibPng Experiment\LibPng Experiment\Debug\link.7344-cvtres.write.1.tlog
C:\Users\Vishesh\documents\visual studio 2010\Projects\LibPng Experiment\LibPng Experiment\Debug\link.command.1.tlog
C:\Users\Vishesh\documents\visual studio 2010\Projects\LibPng Experiment\LibPng Experiment\Debug\link.read.1.tlog
C:\Users\Vishesh\documents\visual studio 2010\Projects\LibPng Experiment\LibPng Experiment\Debug\link.write.1.tlog
C:\Users\Vishesh\documents\visual studio 2010\Projects\LibPng Experiment\LibPng Experiment\Debug\mt.command.1.tlog
C:\Users\Vishesh\documents\visual studio 2010\Projects\LibPng Experiment\LibPng Experiment\Debug\mt.read.1.tlog
C:\Users\Vishesh\documents\visual studio 2010\Projects\LibPng Experiment\LibPng Experiment\Debug\mt.write.1.tlog
C:\USERS\VISHESH\DOCUMENTS\VISUAL STUDIO 2010\PROJECTS\LIBPNG EXPERIMENT\LIBPNG EXPERIMENT\DEBUG\PNGDECODER_JPEGENCODER.OBJ
C:\Users\Vishesh\documents\visual studio 2010\Projects\LibPng Experiment\LibPng Experiment\Debug\rc.command.1.tlog
C:\Users\Vishesh\documents\visual studio 2010\Projects\LibPng Experiment\LibPng Experiment\Debug\rc.read.1.tlog
C:\Users\Vishesh\documents\visual studio 2010\Projects\LibPng Experiment\LibPng Experiment\Debug\rc.write.1.tlog
C:\Users\Vishesh\documents\visual studio 2010\Projects\LibPng Experiment\LibPng Experiment\Debug\vc100.idb
C:\USERS\VISHESH\DOCUMENTS\VISUAL STUDIO 2010\PROJECTS\LIBPNG EXPERIMENT\LIBPNG EXPERIMENT\DEBUG\VC100.PDB
