C:\USERS\VISHESH\DOCUMENTS\VISUAL STUDIO 2010\PROJECTS\BITMAP DECODER\BITMAP DECODER\DEBUG\BITMAP DECODER.EXE.EMBED.MANIFEST
C:\USERS\VISHESH\DOCUMENTS\VISUAL STUDIO 2010\PROJECTS\BITMAP DECODER\BITMAP DECODER\DEBUG\BITMAP DECODER.EXE.EMBED.MANIFEST.RES
C:\Users\Vishesh\Documents\Visual Studio 2010\Projects\bitmap Decoder\bitmap Decoder\Debug\bitmap Decoder.exe.intermediate.manifest
C:\Users\Vishesh\Documents\Visual Studio 2010\Projects\bitmap Decoder\bitmap Decoder\Debug\bitmap Decoder_manifest.rc
C:\USERS\VISHESH\DOCUMENTS\VISUAL STUDIO 2010\PROJECTS\BITMAP DECODER\BITMAP DECODER\DEBUG\BITMAP.OBJ
C:\Users\Vishesh\Documents\Visual Studio 2010\Projects\bitmap Decoder\bitmap Decoder\Debug\cl.command.1.tlog
C:\Users\Vishesh\Documents\Visual Studio 2010\Projects\bitmap Decoder\bitmap Decoder\Debug\CL.read.1.tlog
C:\Users\Vishesh\Documents\Visual Studio 2010\Projects\bitmap Decoder\bitmap Decoder\Debug\CL.write.1.tlog
C:\USERS\VISHESH\DOCUMENTS\VISUAL STUDIO 2010\PROJECTS\BITMAP DECODER\BITMAP DECODER\DEBUG\EASYBMP.OBJ
C:\Users\Vishesh\Documents\Visual Studio 2010\Projects\bitmap Decoder\bitmap Decoder\Debug\link.1056.read.1.tlog
C:\Users\Vishesh\Documents\Visual Studio 2010\Projects\bitmap Decoder\bitmap Decoder\Debug\link.1056.write.1.tlog
C:\Users\Vishesh\Documents\Visual Studio 2010\Projects\bitmap Decoder\bitmap Decoder\Debug\link.1056-cvtres.read.1.tlog
C:\Users\Vishesh\Documents\Visual Studio 2010\Projects\bitmap Decoder\bitmap Decoder\Debug\link.1056-cvtres.write.1.tlog
C:\Users\Vishesh\Documents\Visual Studio 2010\Projects\bitmap Decoder\bitmap Decoder\Debug\link.1464.read.1.tlog
C:\Users\Vishesh\Documents\Visual Studio 2010\Projects\bitmap Decoder\bitmap Decoder\Debug\link.1464.write.1.tlog
C:\Users\Vishesh\Documents\Visual Studio 2010\Projects\bitmap Decoder\bitmap Decoder\Debug\link.1464-cvtres.read.1.tlog
C:\Users\Vishesh\Documents\Visual Studio 2010\Projects\bitmap Decoder\bitmap Decoder\Debug\link.1464-cvtres.write.1.tlog
C:\Users\Vishesh\Documents\Visual Studio 2010\Projects\bitmap Decoder\bitmap Decoder\Debug\link.2932.read.1.tlog
C:\Users\Vishesh\Documents\Visual Studio 2010\Projects\bitmap Decoder\bitmap Decoder\Debug\link.2932.write.1.tlog
C:\Users\Vishesh\Documents\Visual Studio 2010\Projects\bitmap Decoder\bitmap Decoder\Debug\link.2932-cvtres.read.1.tlog
C:\Users\Vishesh\Documents\Visual Studio 2010\Projects\bitmap Decoder\bitmap Decoder\Debug\link.2932-cvtres.write.1.tlog
C:\Users\Vishesh\Documents\Visual Studio 2010\Projects\bitmap Decoder\bitmap Decoder\Debug\link.3120.read.1.tlog
C:\Users\Vishesh\Documents\Visual Studio 2010\Projects\bitmap Decoder\bitmap Decoder\Debug\link.3120.write.1.tlog
C:\Users\Vishesh\Documents\Visual Studio 2010\Projects\bitmap Decoder\bitmap Decoder\Debug\link.3120-cvtres.read.1.tlog
C:\Users\Vishesh\Documents\Visual Studio 2010\Projects\bitmap Decoder\bitmap Decoder\Debug\link.3120-cvtres.write.1.tlog
C:\Users\Vishesh\Documents\Visual Studio 2010\Projects\bitmap Decoder\bitmap Decoder\Debug\link.3180.read.1.tlog
C:\Users\Vishesh\Documents\Visual Studio 2010\Projects\bitmap Decoder\bitmap Decoder\Debug\link.3180.write.1.tlog
C:\Users\Vishesh\Documents\Visual Studio 2010\Projects\bitmap Decoder\bitmap Decoder\Debug\link.3180-cvtres.read.1.tlog
C:\Users\Vishesh\Documents\Visual Studio 2010\Projects\bitmap Decoder\bitmap Decoder\Debug\link.3180-cvtres.write.1.tlog
C:\Users\Vishesh\Documents\Visual Studio 2010\Projects\bitmap Decoder\bitmap Decoder\Debug\link.3276.read.1.tlog
C:\Users\Vishesh\Documents\Visual Studio 2010\Projects\bitmap Decoder\bitmap Decoder\Debug\link.3276.write.1.tlog
C:\Users\Vishesh\Documents\Visual Studio 2010\Projects\bitmap Decoder\bitmap Decoder\Debug\link.3276-cvtres.read.1.tlog
C:\Users\Vishesh\Documents\Visual Studio 2010\Projects\bitmap Decoder\bitmap Decoder\Debug\link.3276-cvtres.write.1.tlog
C:\Users\Vishesh\Documents\Visual Studio 2010\Projects\bitmap Decoder\bitmap Decoder\Debug\link.3668.read.1.tlog
C:\Users\Vishesh\Documents\Visual Studio 2010\Projects\bitmap Decoder\bitmap Decoder\Debug\link.3668.write.1.tlog
C:\Users\Vishesh\Documents\Visual Studio 2010\Projects\bitmap Decoder\bitmap Decoder\Debug\link.3668-cvtres.read.1.tlog
C:\Users\Vishesh\Documents\Visual Studio 2010\Projects\bitmap Decoder\bitmap Decoder\Debug\link.3668-cvtres.write.1.tlog
C:\Users\Vishesh\Documents\Visual Studio 2010\Projects\bitmap Decoder\bitmap Decoder\Debug\link.4080.read.1.tlog
C:\Users\Vishesh\Documents\Visual Studio 2010\Projects\bitmap Decoder\bitmap Decoder\Debug\link.4080.write.1.tlog
C:\Users\Vishesh\Documents\Visual Studio 2010\Projects\bitmap Decoder\bitmap Decoder\Debug\link.4080-cvtres.read.1.tlog
C:\Users\Vishesh\Documents\Visual Studio 2010\Projects\bitmap Decoder\bitmap Decoder\Debug\link.4080-cvtres.write.1.tlog
C:\Users\Vishesh\Documents\Visual Studio 2010\Projects\bitmap Decoder\bitmap Decoder\Debug\link.4728.read.1.tlog
C:\Users\Vishesh\Documents\Visual Studio 2010\Projects\bitmap Decoder\bitmap Decoder\Debug\link.4728.write.1.tlog
C:\Users\Vishesh\Documents\Visual Studio 2010\Projects\bitmap Decoder\bitmap Decoder\Debug\link.4728-cvtres.read.1.tlog
C:\Users\Vishesh\Documents\Visual Studio 2010\Projects\bitmap Decoder\bitmap Decoder\Debug\link.4728-cvtres.write.1.tlog
C:\Users\Vishesh\Documents\Visual Studio 2010\Projects\bitmap Decoder\bitmap Decoder\Debug\link.5624.read.1.tlog
C:\Users\Vishesh\Documents\Visual Studio 2010\Projects\bitmap Decoder\bitmap Decoder\Debug\link.5624.write.1.tlog
C:\Users\Vishesh\Documents\Visual Studio 2010\Projects\bitmap Decoder\bitmap Decoder\Debug\link.5624-cvtres.read.1.tlog
C:\Users\Vishesh\Documents\Visual Studio 2010\Projects\bitmap Decoder\bitmap Decoder\Debug\link.5624-cvtres.write.1.tlog
C:\Users\Vishesh\Documents\Visual Studio 2010\Projects\bitmap Decoder\bitmap Decoder\Debug\link.6112.read.1.tlog
C:\Users\Vishesh\Documents\Visual Studio 2010\Projects\bitmap Decoder\bitmap Decoder\Debug\link.6112.write.1.tlog
C:\Users\Vishesh\Documents\Visual Studio 2010\Projects\bitmap Decoder\bitmap Decoder\Debug\link.6112-cvtres.read.1.tlog
C:\Users\Vishesh\Documents\Visual Studio 2010\Projects\bitmap Decoder\bitmap Decoder\Debug\link.6112-cvtres.write.1.tlog
C:\Users\Vishesh\Documents\Visual Studio 2010\Projects\bitmap Decoder\bitmap Decoder\Debug\link.6704.read.1.tlog
C:\Users\Vishesh\Documents\Visual Studio 2010\Projects\bitmap Decoder\bitmap Decoder\Debug\link.6704.write.1.tlog
C:\Users\Vishesh\Documents\Visual Studio 2010\Projects\bitmap Decoder\bitmap Decoder\Debug\link.6704-cvtres.read.1.tlog
C:\Users\Vishesh\Documents\Visual Studio 2010\Projects\bitmap Decoder\bitmap Decoder\Debug\link.6704-cvtres.write.1.tlog
C:\Users\Vishesh\Documents\Visual Studio 2010\Projects\bitmap Decoder\bitmap Decoder\Debug\link.command.1.tlog
C:\Users\Vishesh\Documents\Visual Studio 2010\Projects\bitmap Decoder\bitmap Decoder\Debug\link.read.1.tlog
C:\Users\Vishesh\Documents\Visual Studio 2010\Projects\bitmap Decoder\bitmap Decoder\Debug\link.write.1.tlog
C:\Users\Vishesh\Documents\Visual Studio 2010\Projects\bitmap Decoder\bitmap Decoder\Debug\link-cvtres.read.1.tlog
C:\Users\Vishesh\Documents\Visual Studio 2010\Projects\bitmap Decoder\bitmap Decoder\Debug\link-cvtres.write.1.tlog
C:\Users\Vishesh\Documents\Visual Studio 2010\Projects\bitmap Decoder\bitmap Decoder\Debug\mt.command.1.tlog
C:\Users\Vishesh\Documents\Visual Studio 2010\Projects\bitmap Decoder\bitmap Decoder\Debug\mt.read.1.tlog
C:\Users\Vishesh\Documents\Visual Studio 2010\Projects\bitmap Decoder\bitmap Decoder\Debug\mt.write.1.tlog
C:\Users\Vishesh\Documents\Visual Studio 2010\Projects\bitmap Decoder\bitmap Decoder\Debug\rc.command.1.tlog
C:\Users\Vishesh\Documents\Visual Studio 2010\Projects\bitmap Decoder\bitmap Decoder\Debug\rc.read.1.tlog
C:\Users\Vishesh\Documents\Visual Studio 2010\Projects\bitmap Decoder\bitmap Decoder\Debug\rc.write.1.tlog
C:\Users\Vishesh\Documents\Visual Studio 2010\Projects\bitmap Decoder\bitmap Decoder\Debug\vc100.idb
C:\USERS\VISHESH\DOCUMENTS\VISUAL STUDIO 2010\PROJECTS\BITMAP DECODER\BITMAP DECODER\DEBUG\VC100.PDB
C:\Users\Vishesh\Documents\Visual Studio 2010\Projects\bitmap Decoder\Debug\bitmap Decoder.exe
C:\Users\Vishesh\Documents\Visual Studio 2010\Projects\bitmap Decoder\Debug\bitmap Decoder.pdb
